<!doctype html>
<html lang="en">
<head>
<meta charset="utf-8">
<meta name="viewport" content="width=device-width, initial-scale=1, minimum-scale=1">
<meta name="generator" content="pdoc3 0.11.6">
<title>pedantic.tests.tests_small_method_decorators API documentation</title>
<meta name="description" content="">
<link rel="stylesheet" href="https://cdnjs.cloudflare.com/ajax/libs/10up-sanitize.css/13.0.0/sanitize.min.css" integrity="sha512-y1dtMcuvtTMJc1yPgEqF0ZjQbhnc/bFhyvIyVNb9Zk5mIGtqVaAB1Ttl28su8AvFMOY0EwRbAe+HCLqj6W7/KA==" crossorigin>
<link rel="stylesheet" href="https://cdnjs.cloudflare.com/ajax/libs/10up-sanitize.css/13.0.0/typography.min.css" integrity="sha512-Y1DYSb995BAfxobCkKepB1BqJJTPrOp3zPL74AWFugHHmmdcvO+C48WLrUOlhGMc0QG7AE3f7gmvvcrmX2fDoA==" crossorigin>
<link rel="stylesheet" href="https://cdnjs.cloudflare.com/ajax/libs/highlight.js/11.9.0/styles/default.min.css" crossorigin>
<style>:root{--highlight-color:#fe9}.flex{display:flex !important}body{line-height:1.5em}#content{padding:20px}#sidebar{padding:1.5em;overflow:hidden}#sidebar > *:last-child{margin-bottom:2cm}.http-server-breadcrumbs{font-size:130%;margin:0 0 15px 0}#footer{font-size:.75em;padding:5px 30px;border-top:1px solid #ddd;text-align:right}#footer p{margin:0 0 0 1em;display:inline-block}#footer p:last-child{margin-right:30px}h1,h2,h3,h4,h5{font-weight:300}h1{font-size:2.5em;line-height:1.1em}h2{font-size:1.75em;margin:2em 0 .50em 0}h3{font-size:1.4em;margin:1.6em 0 .7em 0}h4{margin:0;font-size:105%}h1:target,h2:target,h3:target,h4:target,h5:target,h6:target{background:var(--highlight-color);padding:.2em 0}a{color:#058;text-decoration:none;transition:color .2s ease-in-out}a:visited{color:#503}a:hover{color:#b62}.title code{font-weight:bold}h2[id^="header-"]{margin-top:2em}.ident{color:#900;font-weight:bold}pre code{font-size:.8em;line-height:1.4em;padding:1em;display:block}code{background:#f3f3f3;font-family:"DejaVu Sans Mono",monospace;padding:1px 4px;overflow-wrap:break-word}h1 code{background:transparent}pre{border-top:1px solid #ccc;border-bottom:1px solid #ccc;margin:1em 0}#http-server-module-list{display:flex;flex-flow:column}#http-server-module-list div{display:flex}#http-server-module-list dt{min-width:10%}#http-server-module-list p{margin-top:0}.toc ul,#index{list-style-type:none;margin:0;padding:0}#index code{background:transparent}#index h3{border-bottom:1px solid #ddd}#index ul{padding:0}#index h4{margin-top:.6em;font-weight:bold}@media (min-width:200ex){#index .two-column{column-count:2}}@media (min-width:300ex){#index .two-column{column-count:3}}dl{margin-bottom:2em}dl dl:last-child{margin-bottom:4em}dd{margin:0 0 1em 3em}#header-classes + dl > dd{margin-bottom:3em}dd dd{margin-left:2em}dd p{margin:10px 0}.name{background:#eee;font-size:.85em;padding:5px 10px;display:inline-block;min-width:40%}.name:hover{background:#e0e0e0}dt:target .name{background:var(--highlight-color)}.name > span:first-child{white-space:nowrap}.name.class > span:nth-child(2){margin-left:.4em}.inherited{color:#999;border-left:5px solid #eee;padding-left:1em}.inheritance em{font-style:normal;font-weight:bold}.desc h2{font-weight:400;font-size:1.25em}.desc h3{font-size:1em}.desc dt code{background:inherit}.source > summary,.git-link-div{color:#666;text-align:right;font-weight:400;font-size:.8em;text-transform:uppercase}.source summary > *{white-space:nowrap;cursor:pointer}.git-link{color:inherit;margin-left:1em}.source pre{max-height:500px;overflow:auto;margin:0}.source pre code{font-size:12px;overflow:visible;min-width:max-content}.hlist{list-style:none}.hlist li{display:inline}.hlist li:after{content:',\2002'}.hlist li:last-child:after{content:none}.hlist .hlist{display:inline;padding-left:1em}img{max-width:100%}td{padding:0 .5em}.admonition{padding:.1em 1em;margin:1em 0}.admonition-title{font-weight:bold}.admonition.note,.admonition.info,.admonition.important{background:#aef}.admonition.todo,.admonition.versionadded,.admonition.tip,.admonition.hint{background:#dfd}.admonition.warning,.admonition.versionchanged,.admonition.deprecated{background:#fd4}.admonition.error,.admonition.danger,.admonition.caution{background:lightpink}</style>
<style media="screen and (min-width: 700px)">@media screen and (min-width:700px){#sidebar{width:30%;height:100vh;overflow:auto;position:sticky;top:0}#content{width:70%;max-width:100ch;padding:3em 4em;border-left:1px solid #ddd}pre code{font-size:1em}.name{font-size:1em}main{display:flex;flex-direction:row-reverse;justify-content:flex-end}.toc ul ul,#index ul ul{padding-left:1em}.toc > ul > li{margin-top:.5em}}</style>
<style media="print">@media print{#sidebar h1{page-break-before:always}.source{display:none}}@media print{*{background:transparent !important;color:#000 !important;box-shadow:none !important;text-shadow:none !important}a[href]:after{content:" (" attr(href) ")";font-size:90%}a[href][title]:after{content:none}abbr[title]:after{content:" (" attr(title) ")"}.ir a:after,a[href^="javascript:"]:after,a[href^="#"]:after{content:""}pre,blockquote{border:1px solid #999;page-break-inside:avoid}thead{display:table-header-group}tr,img{page-break-inside:avoid}img{max-width:100% !important}@page{margin:0.5cm}p,h2,h3{orphans:3;widows:3}h1,h2,h3,h4,h5,h6{page-break-after:avoid}}</style>
<script defer src="https://cdnjs.cloudflare.com/ajax/libs/highlight.js/11.9.0/highlight.min.js" integrity="sha512-D9gUyxqja7hBtkWpPWGt9wfbfaMGVt9gnyCvYa+jojwwPHLCzUm5i8rpk7vD7wNee9bA35eYIjobYPaQuKS1MQ==" crossorigin></script>
<script>window.addEventListener('DOMContentLoaded', () => {
hljs.configure({languages: ['bash', 'css', 'diff', 'graphql', 'ini', 'javascript', 'json', 'plaintext', 'python', 'python-repl', 'rust', 'shell', 'sql', 'typescript', 'xml', 'yaml']});
hljs.highlightAll();
/* Collapse source docstrings */
setTimeout(() => {
[...document.querySelectorAll('.hljs.language-python > .hljs-string')]
.filter(el => el.innerHTML.length > 200 && ['"""', "'''"].includes(el.innerHTML.substring(0, 3)))
.forEach(el => {
let d = document.createElement('details');
d.classList.add('hljs-string');
d.innerHTML = '<summary>"""</summary>' + el.innerHTML.substring(3);
el.replaceWith(d);
});
}, 100);
})</script>
</head>
<body>
<main>
<article id="content">
<header>
<h1 class="title">Module <code>pedantic.tests.tests_small_method_decorators</code></h1>
</header>
<section id="section-intro">
</section>
<section>
</section>
<section>
</section>
<section>
</section>
<section>
<h2 class="section-title" id="header-classes">Classes</h2>
<dl>
<dt id="pedantic.tests.tests_small_method_decorators.AsyncSmallDecoratorTests"><code class="flex name class">
<span>class <span class="ident">AsyncSmallDecoratorTests</span></span>
<span>(</span><span>methodName='runTest')</span>
</code></dt>
<dd>
<details class="source">
<summary>
<span>Expand source code</span>
</summary>
<pre><code class="python">class AsyncSmallDecoratorTests(IsolatedAsyncioTestCase):
    async def test_overrides_async_instance_method(self) -&gt; None:
        class MyClassA:
            async def operation(self): pass

        class MyClassB(MyClassA):
            @overrides(MyClassA)
            async def operation(self):
                await asyncio.sleep(0)
                return 42

        b = MyClassB()
        await b.operation()

    async def test_overrides_parent_has_no_such_method_async(self):
        class MyClassA:
            pass

        with self.assertRaises(expected_exception=PedanticOverrideException):
            class MyClassB(MyClassA):
                @overrides(MyClassA)
                async def operation(self): return 42

    async def test_count_calls_async(self):
        @count_calls
        async def operation(i: int) -&gt; str:
            await asyncio.sleep(0)
            return str(i)

        res = await operation(42)
        self.assertEqual(&#39;42&#39;, res)

    async def test_trace_async(self):
        async def some_method(x, y):
            await asyncio.sleep(0)
            return x + y

        traced_method = trace(some_method)
        self.assertEqual(await some_method(42, 99), await traced_method(42, 99))

    async def test_trace_if_returns_async(self):
        async def some_method(x, y):
            await asyncio.sleep(0)
            return x + y

        traced_method = trace_if_returns(100)(some_method)
        self.assertEqual(await some_method(42, 99), await traced_method(42, 99))
        self.assertEqual(await some_method(42, 58), await traced_method(42, 58))

    async def test_timer_async(self):
        @timer
        async def operation(i: int) -&gt; str:
            await asyncio.sleep(0.05)
            return str(i)

        await operation(42)

    async def test_deprecated_async(self):
        @deprecated
        async def old_method(i: int) -&gt; str:
            return str(i)

        with warnings.catch_warnings(record=True) as w:
            warnings.simplefilter(&#34;always&#34;)
            await old_method(42)
            assert len(w) == 1
            assert issubclass(w[-1].category, DeprecationWarning)
            assert &#34;deprecated&#34; in str(w[-1].message)

    async def test_does_same_as_function_async(self):
        async def some_method(x, y, z):
            await asyncio.sleep(0)
            return x * (y + z)

        @does_same_as_function(some_method)
        async def other_method(x, y, z):
            await asyncio.sleep(0)
            return x * y + x * z

        await other_method(1, 2, 3)
        await other_method(4, 5, 6)

    async def test_does_same_as_function_async_and_sync(self):
        def some_method(x, y, z):
            return x * (y + z)

        @does_same_as_function(some_method)
        async def other_method(x, y, z):
            await asyncio.sleep(0)
            return x * y + x * z

        await other_method(1, 2, 3)
        await other_method(4, 5, 6)

    async def test_does_same_as_function_wrong(self):
        async def some_method(x, y, z):
            await asyncio.sleep(0)
            return x * (y + z)

        @does_same_as_function(some_method)
        async def other_method(x, y, z):
            await asyncio.sleep(0)
            return x * y + z

        await other_method(0, 2, 0)

        with self.assertRaises(expected_exception=AssertionError):
            await other_method(4, 5, 6)

    async def test_mock_async(self) -&gt; None:
        @mock(return_value=42)
        async def my_function(a, b, c): return a + b + c

        assert await my_function(1, 2, 3) == 42
        assert await my_function(100, 200, 300) == 42

    async def test_require_kwargs(self):
        @require_kwargs
        async def calc(n: int, m: int, i: int) -&gt; int:
            return n + m + i

        await calc(n=1, m=2, i=3)

        with self.assertRaises(expected_exception=PedanticCallWithArgsException):
            await calc(1, m=2, i=3)</code></pre>
</details>
<div class="desc"><p>A class whose instances are single test cases.</p>
<p>By default, the test code itself should be placed in a method named
'runTest'.</p>
<p>If the fixture may be used for many test cases, create as
many test methods as are needed. When instantiating such a TestCase
subclass, specify in the constructor arguments the name of the test method
that the instance is to execute.</p>
<p>Test authors should subclass TestCase for their own tests. Construction
and deconstruction of the test's environment ('fixture') can be
implemented by overriding the 'setUp' and 'tearDown' methods respectively.</p>
<p>If it is necessary to override the <strong>init</strong> method, the base class
<strong>init</strong> method must always be called. It is important that subclasses
should not change the signature of their <strong>init</strong> method, since instances
of the classes are instantiated automatically by parts of the framework
in order to be run.</p>
<p>When subclassing TestCase, you can set these attributes:
* failureException: determines which exception will be raised when
the instance's assertion methods fail; test methods raising this
exception will be deemed to have 'failed' rather than 'errored'.
* longMessage: determines whether long messages (including repr of
objects used in assert methods) will be printed on failure in <em>addition</em>
to any explicit message passed.
* maxDiff: sets the maximum length of a diff in failure messages
by assert methods using difflib. It is looked up as an instance
attribute so can be configured by individual tests if required.</p>
<p>Create an instance of the class that will use the named test
method when executed. Raises a ValueError if the instance does
not have a method with the specified name.</p></div>
<h3>Ancestors</h3>
<ul class="hlist">
<li>unittest.async_case.IsolatedAsyncioTestCase</li>
<li>unittest.case.TestCase</li>
</ul>
<h3>Methods</h3>
<dl>
<dt id="pedantic.tests.tests_small_method_decorators.AsyncSmallDecoratorTests.test_count_calls_async"><code class="name flex">
<span>async def <span class="ident">test_count_calls_async</span></span>(<span>self)</span>
</code></dt>
<dd>
<details class="source">
<summary>
<span>Expand source code</span>
</summary>
<pre><code class="python">async def test_count_calls_async(self):
    @count_calls
    async def operation(i: int) -&gt; str:
        await asyncio.sleep(0)
        return str(i)

    res = await operation(42)
    self.assertEqual(&#39;42&#39;, res)</code></pre>
</details>
<div class="desc"></div>
</dd>
<dt id="pedantic.tests.tests_small_method_decorators.AsyncSmallDecoratorTests.test_deprecated_async"><code class="name flex">
<span>async def <span class="ident">test_deprecated_async</span></span>(<span>self)</span>
</code></dt>
<dd>
<details class="source">
<summary>
<span>Expand source code</span>
</summary>
<pre><code class="python">async def test_deprecated_async(self):
    @deprecated
    async def old_method(i: int) -&gt; str:
        return str(i)

    with warnings.catch_warnings(record=True) as w:
        warnings.simplefilter(&#34;always&#34;)
        await old_method(42)
        assert len(w) == 1
        assert issubclass(w[-1].category, DeprecationWarning)
        assert &#34;deprecated&#34; in str(w[-1].message)</code></pre>
</details>
<div class="desc"></div>
</dd>
<dt id="pedantic.tests.tests_small_method_decorators.AsyncSmallDecoratorTests.test_does_same_as_function_async"><code class="name flex">
<span>async def <span class="ident">test_does_same_as_function_async</span></span>(<span>self)</span>
</code></dt>
<dd>
<details class="source">
<summary>
<span>Expand source code</span>
</summary>
<pre><code class="python">async def test_does_same_as_function_async(self):
    async def some_method(x, y, z):
        await asyncio.sleep(0)
        return x * (y + z)

    @does_same_as_function(some_method)
    async def other_method(x, y, z):
        await asyncio.sleep(0)
        return x * y + x * z

    await other_method(1, 2, 3)
    await other_method(4, 5, 6)</code></pre>
</details>
<div class="desc"></div>
</dd>
<dt id="pedantic.tests.tests_small_method_decorators.AsyncSmallDecoratorTests.test_does_same_as_function_async_and_sync"><code class="name flex">
<span>async def <span class="ident">test_does_same_as_function_async_and_sync</span></span>(<span>self)</span>
</code></dt>
<dd>
<details class="source">
<summary>
<span>Expand source code</span>
</summary>
<pre><code class="python">async def test_does_same_as_function_async_and_sync(self):
    def some_method(x, y, z):
        return x * (y + z)

    @does_same_as_function(some_method)
    async def other_method(x, y, z):
        await asyncio.sleep(0)
        return x * y + x * z

    await other_method(1, 2, 3)
    await other_method(4, 5, 6)</code></pre>
</details>
<div class="desc"></div>
</dd>
<dt id="pedantic.tests.tests_small_method_decorators.AsyncSmallDecoratorTests.test_does_same_as_function_wrong"><code class="name flex">
<span>async def <span class="ident">test_does_same_as_function_wrong</span></span>(<span>self)</span>
</code></dt>
<dd>
<details class="source">
<summary>
<span>Expand source code</span>
</summary>
<pre><code class="python">async def test_does_same_as_function_wrong(self):
    async def some_method(x, y, z):
        await asyncio.sleep(0)
        return x * (y + z)

    @does_same_as_function(some_method)
    async def other_method(x, y, z):
        await asyncio.sleep(0)
        return x * y + z

    await other_method(0, 2, 0)

    with self.assertRaises(expected_exception=AssertionError):
        await other_method(4, 5, 6)</code></pre>
</details>
<div class="desc"></div>
</dd>
<dt id="pedantic.tests.tests_small_method_decorators.AsyncSmallDecoratorTests.test_mock_async"><code class="name flex">
<span>async def <span class="ident">test_mock_async</span></span>(<span>self) ‑> None</span>
</code></dt>
<dd>
<details class="source">
<summary>
<span>Expand source code</span>
</summary>
<pre><code class="python">async def test_mock_async(self) -&gt; None:
    @mock(return_value=42)
    async def my_function(a, b, c): return a + b + c

    assert await my_function(1, 2, 3) == 42
    assert await my_function(100, 200, 300) == 42</code></pre>
</details>
<div class="desc"></div>
</dd>
<dt id="pedantic.tests.tests_small_method_decorators.AsyncSmallDecoratorTests.test_overrides_async_instance_method"><code class="name flex">
<span>async def <span class="ident">test_overrides_async_instance_method</span></span>(<span>self) ‑> None</span>
</code></dt>
<dd>
<details class="source">
<summary>
<span>Expand source code</span>
</summary>
<pre><code class="python">async def test_overrides_async_instance_method(self) -&gt; None:
    class MyClassA:
        async def operation(self): pass

    class MyClassB(MyClassA):
        @overrides(MyClassA)
        async def operation(self):
            await asyncio.sleep(0)
            return 42

    b = MyClassB()
    await b.operation()</code></pre>
</details>
<div class="desc"></div>
</dd>
<dt id="pedantic.tests.tests_small_method_decorators.AsyncSmallDecoratorTests.test_overrides_parent_has_no_such_method_async"><code class="name flex">
<span>async def <span class="ident">test_overrides_parent_has_no_such_method_async</span></span>(<span>self)</span>
</code></dt>
<dd>
<details class="source">
<summary>
<span>Expand source code</span>
</summary>
<pre><code class="python">async def test_overrides_parent_has_no_such_method_async(self):
    class MyClassA:
        pass

    with self.assertRaises(expected_exception=PedanticOverrideException):
        class MyClassB(MyClassA):
            @overrides(MyClassA)
            async def operation(self): return 42</code></pre>
</details>
<div class="desc"></div>
</dd>
<dt id="pedantic.tests.tests_small_method_decorators.AsyncSmallDecoratorTests.test_require_kwargs"><code class="name flex">
<span>async def <span class="ident">test_require_kwargs</span></span>(<span>self)</span>
</code></dt>
<dd>
<details class="source">
<summary>
<span>Expand source code</span>
</summary>
<pre><code class="python">async def test_require_kwargs(self):
    @require_kwargs
    async def calc(n: int, m: int, i: int) -&gt; int:
        return n + m + i

    await calc(n=1, m=2, i=3)

    with self.assertRaises(expected_exception=PedanticCallWithArgsException):
        await calc(1, m=2, i=3)</code></pre>
</details>
<div class="desc"></div>
</dd>
<dt id="pedantic.tests.tests_small_method_decorators.AsyncSmallDecoratorTests.test_timer_async"><code class="name flex">
<span>async def <span class="ident">test_timer_async</span></span>(<span>self)</span>
</code></dt>
<dd>
<details class="source">
<summary>
<span>Expand source code</span>
</summary>
<pre><code class="python">async def test_timer_async(self):
    @timer
    async def operation(i: int) -&gt; str:
        await asyncio.sleep(0.05)
        return str(i)

    await operation(42)</code></pre>
</details>
<div class="desc"></div>
</dd>
<dt id="pedantic.tests.tests_small_method_decorators.AsyncSmallDecoratorTests.test_trace_async"><code class="name flex">
<span>async def <span class="ident">test_trace_async</span></span>(<span>self)</span>
</code></dt>
<dd>
<details class="source">
<summary>
<span>Expand source code</span>
</summary>
<pre><code class="python">async def test_trace_async(self):
    async def some_method(x, y):
        await asyncio.sleep(0)
        return x + y

    traced_method = trace(some_method)
    self.assertEqual(await some_method(42, 99), await traced_method(42, 99))</code></pre>
</details>
<div class="desc"></div>
</dd>
<dt id="pedantic.tests.tests_small_method_decorators.AsyncSmallDecoratorTests.test_trace_if_returns_async"><code class="name flex">
<span>async def <span class="ident">test_trace_if_returns_async</span></span>(<span>self)</span>
</code></dt>
<dd>
<details class="source">
<summary>
<span>Expand source code</span>
</summary>
<pre><code class="python">async def test_trace_if_returns_async(self):
    async def some_method(x, y):
        await asyncio.sleep(0)
        return x + y

    traced_method = trace_if_returns(100)(some_method)
    self.assertEqual(await some_method(42, 99), await traced_method(42, 99))
    self.assertEqual(await some_method(42, 58), await traced_method(42, 58))</code></pre>
</details>
<div class="desc"></div>
</dd>
</dl>
</dd>
<dt id="pedantic.tests.tests_small_method_decorators.TestSmallDecoratorMethods"><code class="flex name class">
<span>class <span class="ident">TestSmallDecoratorMethods</span></span>
<span>(</span><span>methodName='runTest')</span>
</code></dt>
<dd>
<details class="source">
<summary>
<span>Expand source code</span>
</summary>
<pre><code class="python">class TestSmallDecoratorMethods(unittest.TestCase):
    def test_overrides_parent_has_no_such_method(self):
        class MyClassA:
            pass

        with self.assertRaises(expected_exception=PedanticOverrideException):
            class MyClassB(MyClassA):
                @overrides(MyClassA)
                def operation(self): pass

    def test_overrides_all_good(self):
        class MyClassA:
            def operation(self): pass

        class MyClassB(MyClassA):
            @overrides(MyClassA)
            def operation(self):
                return 42

        b = MyClassB()
        b.operation()

    def test_overrides_static_method(self):
        class MyClassA:
            @staticmethod
            def operation(): pass

        class MyClassB(MyClassA):
            @staticmethod
            @overrides(MyClassA)
            def operation():
                return 42

        b = MyClassB()
        self.assertEqual(b.operation(), 42)
        self.assertEqual(MyClassB.operation(), 42)

    def test_overrides_below_property(self):
        class MyClassA:
            @property
            @abstractmethod
            def operation(self): pass

        class MyClassB(MyClassA):
            @property
            @overrides(MyClassA)   # Note: it does not work the other way around
            def operation(self):
                return 43

        b = MyClassB()
        self.assertEqual(b.operation, 43)

    def test_overrides_function(self):
        class MyClassA:
            pass

        with self.assertRaises(expected_exception=PedanticOverrideException):
            @overrides(MyClassA)
            def operation(): return 42

    def test_deprecated_1(self):
        @deprecated
        def old_method(i: int) -&gt; str: return str(i)

        with warnings.catch_warnings(record=True) as w:
            warnings.simplefilter(&#34;always&#34;)
            old_method(42)
            assert len(w) == 1
            assert issubclass(w[-1].category, DeprecationWarning)
            assert &#34;deprecated&#34; in str(w[-1].message)

    def test_deprecated_2(self):
        def old_method(i: int) -&gt; str:
            return str(i)

        with warnings.catch_warnings(record=True) as w:
            warnings.simplefilter(&#34;always&#34;)
            old_method(42)
            assert not len(w) == 1

    def test_unimplemented(self):
        @unimplemented
        def dirt(i: int) -&gt; str:
            return str(i)

        with self.assertRaises(expected_exception=NotImplementedException):
            dirt(42)

    def test_timer(self):
        @timer
        def operation(i: int) -&gt; str:
            return str(i)

        operation(42)

    def test_count_calls(self):
        @count_calls
        def operation(i: int) -&gt; str:
            return str(i)

        operation(42)

    def test_trace(self):
        def some_method(x, y):
            return x + y

        traced_method = trace(some_method)
        self.assertEqual(some_method(42, 99), traced_method(42, 99))

    def test_trace_if_returns(self):
        def some_method(x, y):
            return x + y
        traced_method = trace_if_returns(100)(some_method)
        self.assertEqual(some_method(42, 99), traced_method(42, 99))
        self.assertEqual(some_method(42, 58), traced_method(42, 58))

    def test_does_same_as_function(self):
        def some_method(x, y, z):
            return x * (y + z)

        @does_same_as_function(some_method)
        def other_method(x, y, z):
            return x * y + x * z

        other_method(1, 2, 3)
        other_method(4, 5, 6)

    def test_does_same_as_function_wrong(self):
        def some_method(x, y, z):
            return x * (y + z)

        @does_same_as_function(some_method)
        def other_method(x, y, z):
            return x * y + z

        other_method(0, 2, 0)
        with self.assertRaises(expected_exception=AssertionError):
            other_method(4, 5, 6)</code></pre>
</details>
<div class="desc"><p>A class whose instances are single test cases.</p>
<p>By default, the test code itself should be placed in a method named
'runTest'.</p>
<p>If the fixture may be used for many test cases, create as
many test methods as are needed. When instantiating such a TestCase
subclass, specify in the constructor arguments the name of the test method
that the instance is to execute.</p>
<p>Test authors should subclass TestCase for their own tests. Construction
and deconstruction of the test's environment ('fixture') can be
implemented by overriding the 'setUp' and 'tearDown' methods respectively.</p>
<p>If it is necessary to override the <strong>init</strong> method, the base class
<strong>init</strong> method must always be called. It is important that subclasses
should not change the signature of their <strong>init</strong> method, since instances
of the classes are instantiated automatically by parts of the framework
in order to be run.</p>
<p>When subclassing TestCase, you can set these attributes:
* failureException: determines which exception will be raised when
the instance's assertion methods fail; test methods raising this
exception will be deemed to have 'failed' rather than 'errored'.
* longMessage: determines whether long messages (including repr of
objects used in assert methods) will be printed on failure in <em>addition</em>
to any explicit message passed.
* maxDiff: sets the maximum length of a diff in failure messages
by assert methods using difflib. It is looked up as an instance
attribute so can be configured by individual tests if required.</p>
<p>Create an instance of the class that will use the named test
method when executed. Raises a ValueError if the instance does
not have a method with the specified name.</p></div>
<h3>Ancestors</h3>
<ul class="hlist">
<li>unittest.case.TestCase</li>
</ul>
<h3>Methods</h3>
<dl>
<dt id="pedantic.tests.tests_small_method_decorators.TestSmallDecoratorMethods.test_count_calls"><code class="name flex">
<span>def <span class="ident">test_count_calls</span></span>(<span>self)</span>
</code></dt>
<dd>
<details class="source">
<summary>
<span>Expand source code</span>
</summary>
<pre><code class="python">def test_count_calls(self):
    @count_calls
    def operation(i: int) -&gt; str:
        return str(i)

    operation(42)</code></pre>
</details>
<div class="desc"></div>
</dd>
<dt id="pedantic.tests.tests_small_method_decorators.TestSmallDecoratorMethods.test_deprecated_1"><code class="name flex">
<span>def <span class="ident">test_deprecated_1</span></span>(<span>self)</span>
</code></dt>
<dd>
<details class="source">
<summary>
<span>Expand source code</span>
</summary>
<pre><code class="python">def test_deprecated_1(self):
    @deprecated
    def old_method(i: int) -&gt; str: return str(i)

    with warnings.catch_warnings(record=True) as w:
        warnings.simplefilter(&#34;always&#34;)
        old_method(42)
        assert len(w) == 1
        assert issubclass(w[-1].category, DeprecationWarning)
        assert &#34;deprecated&#34; in str(w[-1].message)</code></pre>
</details>
<div class="desc"></div>
</dd>
<dt id="pedantic.tests.tests_small_method_decorators.TestSmallDecoratorMethods.test_deprecated_2"><code class="name flex">
<span>def <span class="ident">test_deprecated_2</span></span>(<span>self)</span>
</code></dt>
<dd>
<details class="source">
<summary>
<span>Expand source code</span>
</summary>
<pre><code class="python">def test_deprecated_2(self):
    def old_method(i: int) -&gt; str:
        return str(i)

    with warnings.catch_warnings(record=True) as w:
        warnings.simplefilter(&#34;always&#34;)
        old_method(42)
        assert not len(w) == 1</code></pre>
</details>
<div class="desc"></div>
</dd>
<dt id="pedantic.tests.tests_small_method_decorators.TestSmallDecoratorMethods.test_does_same_as_function"><code class="name flex">
<span>def <span class="ident">test_does_same_as_function</span></span>(<span>self)</span>
</code></dt>
<dd>
<details class="source">
<summary>
<span>Expand source code</span>
</summary>
<pre><code class="python">def test_does_same_as_function(self):
    def some_method(x, y, z):
        return x * (y + z)

    @does_same_as_function(some_method)
    def other_method(x, y, z):
        return x * y + x * z

    other_method(1, 2, 3)
    other_method(4, 5, 6)</code></pre>
</details>
<div class="desc"></div>
</dd>
<dt id="pedantic.tests.tests_small_method_decorators.TestSmallDecoratorMethods.test_does_same_as_function_wrong"><code class="name flex">
<span>def <span class="ident">test_does_same_as_function_wrong</span></span>(<span>self)</span>
</code></dt>
<dd>
<details class="source">
<summary>
<span>Expand source code</span>
</summary>
<pre><code class="python">def test_does_same_as_function_wrong(self):
    def some_method(x, y, z):
        return x * (y + z)

    @does_same_as_function(some_method)
    def other_method(x, y, z):
        return x * y + z

    other_method(0, 2, 0)
    with self.assertRaises(expected_exception=AssertionError):
        other_method(4, 5, 6)</code></pre>
</details>
<div class="desc"></div>
</dd>
<dt id="pedantic.tests.tests_small_method_decorators.TestSmallDecoratorMethods.test_overrides_all_good"><code class="name flex">
<span>def <span class="ident">test_overrides_all_good</span></span>(<span>self)</span>
</code></dt>
<dd>
<details class="source">
<summary>
<span>Expand source code</span>
</summary>
<pre><code class="python">def test_overrides_all_good(self):
    class MyClassA:
        def operation(self): pass

    class MyClassB(MyClassA):
        @overrides(MyClassA)
        def operation(self):
            return 42

    b = MyClassB()
    b.operation()</code></pre>
</details>
<div class="desc"></div>
</dd>
<dt id="pedantic.tests.tests_small_method_decorators.TestSmallDecoratorMethods.test_overrides_below_property"><code class="name flex">
<span>def <span class="ident">test_overrides_below_property</span></span>(<span>self)</span>
</code></dt>
<dd>
<details class="source">
<summary>
<span>Expand source code</span>
</summary>
<pre><code class="python">def test_overrides_below_property(self):
    class MyClassA:
        @property
        @abstractmethod
        def operation(self): pass

    class MyClassB(MyClassA):
        @property
        @overrides(MyClassA)   # Note: it does not work the other way around
        def operation(self):
            return 43

    b = MyClassB()
    self.assertEqual(b.operation, 43)</code></pre>
</details>
<div class="desc"></div>
</dd>
<dt id="pedantic.tests.tests_small_method_decorators.TestSmallDecoratorMethods.test_overrides_function"><code class="name flex">
<span>def <span class="ident">test_overrides_function</span></span>(<span>self)</span>
</code></dt>
<dd>
<details class="source">
<summary>
<span>Expand source code</span>
</summary>
<pre><code class="python">def test_overrides_function(self):
    class MyClassA:
        pass

    with self.assertRaises(expected_exception=PedanticOverrideException):
        @overrides(MyClassA)
        def operation(): return 42</code></pre>
</details>
<div class="desc"></div>
</dd>
<dt id="pedantic.tests.tests_small_method_decorators.TestSmallDecoratorMethods.test_overrides_parent_has_no_such_method"><code class="name flex">
<span>def <span class="ident">test_overrides_parent_has_no_such_method</span></span>(<span>self)</span>
</code></dt>
<dd>
<details class="source">
<summary>
<span>Expand source code</span>
</summary>
<pre><code class="python">def test_overrides_parent_has_no_such_method(self):
    class MyClassA:
        pass

    with self.assertRaises(expected_exception=PedanticOverrideException):
        class MyClassB(MyClassA):
            @overrides(MyClassA)
            def operation(self): pass</code></pre>
</details>
<div class="desc"></div>
</dd>
<dt id="pedantic.tests.tests_small_method_decorators.TestSmallDecoratorMethods.test_overrides_static_method"><code class="name flex">
<span>def <span class="ident">test_overrides_static_method</span></span>(<span>self)</span>
</code></dt>
<dd>
<details class="source">
<summary>
<span>Expand source code</span>
</summary>
<pre><code class="python">def test_overrides_static_method(self):
    class MyClassA:
        @staticmethod
        def operation(): pass

    class MyClassB(MyClassA):
        @staticmethod
        @overrides(MyClassA)
        def operation():
            return 42

    b = MyClassB()
    self.assertEqual(b.operation(), 42)
    self.assertEqual(MyClassB.operation(), 42)</code></pre>
</details>
<div class="desc"></div>
</dd>
<dt id="pedantic.tests.tests_small_method_decorators.TestSmallDecoratorMethods.test_timer"><code class="name flex">
<span>def <span class="ident">test_timer</span></span>(<span>self)</span>
</code></dt>
<dd>
<details class="source">
<summary>
<span>Expand source code</span>
</summary>
<pre><code class="python">def test_timer(self):
    @timer
    def operation(i: int) -&gt; str:
        return str(i)

    operation(42)</code></pre>
</details>
<div class="desc"></div>
</dd>
<dt id="pedantic.tests.tests_small_method_decorators.TestSmallDecoratorMethods.test_trace"><code class="name flex">
<span>def <span class="ident">test_trace</span></span>(<span>self)</span>
</code></dt>
<dd>
<details class="source">
<summary>
<span>Expand source code</span>
</summary>
<pre><code class="python">def test_trace(self):
    def some_method(x, y):
        return x + y

    traced_method = trace(some_method)
    self.assertEqual(some_method(42, 99), traced_method(42, 99))</code></pre>
</details>
<div class="desc"></div>
</dd>
<dt id="pedantic.tests.tests_small_method_decorators.TestSmallDecoratorMethods.test_trace_if_returns"><code class="name flex">
<span>def <span class="ident">test_trace_if_returns</span></span>(<span>self)</span>
</code></dt>
<dd>
<details class="source">
<summary>
<span>Expand source code</span>
</summary>
<pre><code class="python">def test_trace_if_returns(self):
    def some_method(x, y):
        return x + y
    traced_method = trace_if_returns(100)(some_method)
    self.assertEqual(some_method(42, 99), traced_method(42, 99))
    self.assertEqual(some_method(42, 58), traced_method(42, 58))</code></pre>
</details>
<div class="desc"></div>
</dd>
<dt id="pedantic.tests.tests_small_method_decorators.TestSmallDecoratorMethods.test_unimplemented"><code class="name flex">
<span>def <span class="ident">test_unimplemented</span></span>(<span>self)</span>
</code></dt>
<dd>
<details class="source">
<summary>
<span>Expand source code</span>
</summary>
<pre><code class="python">def test_unimplemented(self):
    @unimplemented
    def dirt(i: int) -&gt; str:
        return str(i)

    with self.assertRaises(expected_exception=NotImplementedException):
        dirt(42)</code></pre>
</details>
<div class="desc"></div>
</dd>
</dl>
</dd>
</dl>
</section>
</article>
<nav id="sidebar">
<div class="toc">
<ul></ul>
</div>
<ul id="index">
<li><h3>Super-module</h3>
<ul>
<li><code><a title="pedantic.tests" href="index.html">pedantic.tests</a></code></li>
</ul>
</li>
<li><h3><a href="#header-classes">Classes</a></h3>
<ul>
<li>
<h4><code><a title="pedantic.tests.tests_small_method_decorators.AsyncSmallDecoratorTests" href="#pedantic.tests.tests_small_method_decorators.AsyncSmallDecoratorTests">AsyncSmallDecoratorTests</a></code></h4>
<ul class="">
<li><code><a title="pedantic.tests.tests_small_method_decorators.AsyncSmallDecoratorTests.test_count_calls_async" href="#pedantic.tests.tests_small_method_decorators.AsyncSmallDecoratorTests.test_count_calls_async">test_count_calls_async</a></code></li>
<li><code><a title="pedantic.tests.tests_small_method_decorators.AsyncSmallDecoratorTests.test_deprecated_async" href="#pedantic.tests.tests_small_method_decorators.AsyncSmallDecoratorTests.test_deprecated_async">test_deprecated_async</a></code></li>
<li><code><a title="pedantic.tests.tests_small_method_decorators.AsyncSmallDecoratorTests.test_does_same_as_function_async" href="#pedantic.tests.tests_small_method_decorators.AsyncSmallDecoratorTests.test_does_same_as_function_async">test_does_same_as_function_async</a></code></li>
<li><code><a title="pedantic.tests.tests_small_method_decorators.AsyncSmallDecoratorTests.test_does_same_as_function_async_and_sync" href="#pedantic.tests.tests_small_method_decorators.AsyncSmallDecoratorTests.test_does_same_as_function_async_and_sync">test_does_same_as_function_async_and_sync</a></code></li>
<li><code><a title="pedantic.tests.tests_small_method_decorators.AsyncSmallDecoratorTests.test_does_same_as_function_wrong" href="#pedantic.tests.tests_small_method_decorators.AsyncSmallDecoratorTests.test_does_same_as_function_wrong">test_does_same_as_function_wrong</a></code></li>
<li><code><a title="pedantic.tests.tests_small_method_decorators.AsyncSmallDecoratorTests.test_mock_async" href="#pedantic.tests.tests_small_method_decorators.AsyncSmallDecoratorTests.test_mock_async">test_mock_async</a></code></li>
<li><code><a title="pedantic.tests.tests_small_method_decorators.AsyncSmallDecoratorTests.test_overrides_async_instance_method" href="#pedantic.tests.tests_small_method_decorators.AsyncSmallDecoratorTests.test_overrides_async_instance_method">test_overrides_async_instance_method</a></code></li>
<li><code><a title="pedantic.tests.tests_small_method_decorators.AsyncSmallDecoratorTests.test_overrides_parent_has_no_such_method_async" href="#pedantic.tests.tests_small_method_decorators.AsyncSmallDecoratorTests.test_overrides_parent_has_no_such_method_async">test_overrides_parent_has_no_such_method_async</a></code></li>
<li><code><a title="pedantic.tests.tests_small_method_decorators.AsyncSmallDecoratorTests.test_require_kwargs" href="#pedantic.tests.tests_small_method_decorators.AsyncSmallDecoratorTests.test_require_kwargs">test_require_kwargs</a></code></li>
<li><code><a title="pedantic.tests.tests_small_method_decorators.AsyncSmallDecoratorTests.test_timer_async" href="#pedantic.tests.tests_small_method_decorators.AsyncSmallDecoratorTests.test_timer_async">test_timer_async</a></code></li>
<li><code><a title="pedantic.tests.tests_small_method_decorators.AsyncSmallDecoratorTests.test_trace_async" href="#pedantic.tests.tests_small_method_decorators.AsyncSmallDecoratorTests.test_trace_async">test_trace_async</a></code></li>
<li><code><a title="pedantic.tests.tests_small_method_decorators.AsyncSmallDecoratorTests.test_trace_if_returns_async" href="#pedantic.tests.tests_small_method_decorators.AsyncSmallDecoratorTests.test_trace_if_returns_async">test_trace_if_returns_async</a></code></li>
</ul>
</li>
<li>
<h4><code><a title="pedantic.tests.tests_small_method_decorators.TestSmallDecoratorMethods" href="#pedantic.tests.tests_small_method_decorators.TestSmallDecoratorMethods">TestSmallDecoratorMethods</a></code></h4>
<ul class="">
<li><code><a title="pedantic.tests.tests_small_method_decorators.TestSmallDecoratorMethods.test_count_calls" href="#pedantic.tests.tests_small_method_decorators.TestSmallDecoratorMethods.test_count_calls">test_count_calls</a></code></li>
<li><code><a title="pedantic.tests.tests_small_method_decorators.TestSmallDecoratorMethods.test_deprecated_1" href="#pedantic.tests.tests_small_method_decorators.TestSmallDecoratorMethods.test_deprecated_1">test_deprecated_1</a></code></li>
<li><code><a title="pedantic.tests.tests_small_method_decorators.TestSmallDecoratorMethods.test_deprecated_2" href="#pedantic.tests.tests_small_method_decorators.TestSmallDecoratorMethods.test_deprecated_2">test_deprecated_2</a></code></li>
<li><code><a title="pedantic.tests.tests_small_method_decorators.TestSmallDecoratorMethods.test_does_same_as_function" href="#pedantic.tests.tests_small_method_decorators.TestSmallDecoratorMethods.test_does_same_as_function">test_does_same_as_function</a></code></li>
<li><code><a title="pedantic.tests.tests_small_method_decorators.TestSmallDecoratorMethods.test_does_same_as_function_wrong" href="#pedantic.tests.tests_small_method_decorators.TestSmallDecoratorMethods.test_does_same_as_function_wrong">test_does_same_as_function_wrong</a></code></li>
<li><code><a title="pedantic.tests.tests_small_method_decorators.TestSmallDecoratorMethods.test_overrides_all_good" href="#pedantic.tests.tests_small_method_decorators.TestSmallDecoratorMethods.test_overrides_all_good">test_overrides_all_good</a></code></li>
<li><code><a title="pedantic.tests.tests_small_method_decorators.TestSmallDecoratorMethods.test_overrides_below_property" href="#pedantic.tests.tests_small_method_decorators.TestSmallDecoratorMethods.test_overrides_below_property">test_overrides_below_property</a></code></li>
<li><code><a title="pedantic.tests.tests_small_method_decorators.TestSmallDecoratorMethods.test_overrides_function" href="#pedantic.tests.tests_small_method_decorators.TestSmallDecoratorMethods.test_overrides_function">test_overrides_function</a></code></li>
<li><code><a title="pedantic.tests.tests_small_method_decorators.TestSmallDecoratorMethods.test_overrides_parent_has_no_such_method" href="#pedantic.tests.tests_small_method_decorators.TestSmallDecoratorMethods.test_overrides_parent_has_no_such_method">test_overrides_parent_has_no_such_method</a></code></li>
<li><code><a title="pedantic.tests.tests_small_method_decorators.TestSmallDecoratorMethods.test_overrides_static_method" href="#pedantic.tests.tests_small_method_decorators.TestSmallDecoratorMethods.test_overrides_static_method">test_overrides_static_method</a></code></li>
<li><code><a title="pedantic.tests.tests_small_method_decorators.TestSmallDecoratorMethods.test_timer" href="#pedantic.tests.tests_small_method_decorators.TestSmallDecoratorMethods.test_timer">test_timer</a></code></li>
<li><code><a title="pedantic.tests.tests_small_method_decorators.TestSmallDecoratorMethods.test_trace" href="#pedantic.tests.tests_small_method_decorators.TestSmallDecoratorMethods.test_trace">test_trace</a></code></li>
<li><code><a title="pedantic.tests.tests_small_method_decorators.TestSmallDecoratorMethods.test_trace_if_returns" href="#pedantic.tests.tests_small_method_decorators.TestSmallDecoratorMethods.test_trace_if_returns">test_trace_if_returns</a></code></li>
<li><code><a title="pedantic.tests.tests_small_method_decorators.TestSmallDecoratorMethods.test_unimplemented" href="#pedantic.tests.tests_small_method_decorators.TestSmallDecoratorMethods.test_unimplemented">test_unimplemented</a></code></li>
</ul>
</li>
</ul>
</li>
</ul>
</nav>
</main>
<footer id="footer">
<p>Generated by <a href="https://pdoc3.github.io/pdoc" title="pdoc: Python API documentation generator"><cite>pdoc</cite> 0.11.6</a>.</p>
</footer>
</body>
</html>
